{"D:\\Bootcamp\\phase2\\REPEAT\\WEEK 3\\IP\\IP-RMT60\\server\\app.js": {"path":"D:\\Bootcamp\\phase2\\REPEAT\\WEEK 3\\IP\\IP-RMT60\\server\\app.js","statementMap":{"0":{"start":{"line":1,"column":0},"end":{"line":3,"column":1}},"1":{"start":{"line":2,"column":4},"end":{"line":2,"column":30}},"2":{"start":{"line":5,"column":16},"end":{"line":5,"column":34}},"3":{"start":{"line":6,"column":21},"end":{"line":6,"column":57}},"4":{"start":{"line":7,"column":23},"end":{"line":7,"column":62}},"5":{"start":{"line":8,"column":23},"end":{"line":8,"column":61}},"6":{"start":{"line":9,"column":23},"end":{"line":9,"column":62}},"7":{"start":{"line":10,"column":26},"end":{"line":10,"column":68}},"8":{"start":{"line":11,"column":13},"end":{"line":11,"column":28}},"9":{"start":{"line":12,"column":12},"end":{"line":12,"column":21}},"10":{"start":{"line":14,"column":0},"end":{"line":14,"column":15}},"11":{"start":{"line":15,"column":0},"end":{"line":15,"column":23}},"12":{"start":{"line":16,"column":0},"end":{"line":16,"column":47}},"13":{"start":{"line":18,"column":0},"end":{"line":20,"column":2}},"14":{"start":{"line":19,"column":4},"end":{"line":19,"column":28}},"15":{"start":{"line":22,"column":0},"end":{"line":22,"column":46}},"16":{"start":{"line":23,"column":0},"end":{"line":23,"column":40}},"17":{"start":{"line":25,"column":0},"end":{"line":25,"column":23}},"18":{"start":{"line":27,"column":0},"end":{"line":27,"column":40}},"19":{"start":{"line":28,"column":0},"end":{"line":28,"column":48}},"20":{"start":{"line":30,"column":0},"end":{"line":30,"column":69}},"21":{"start":{"line":31,"column":0},"end":{"line":31,"column":50}},"22":{"start":{"line":32,"column":0},"end":{"line":32,"column":58}},"23":{"start":{"line":33,"column":0},"end":{"line":33,"column":60}},"24":{"start":{"line":35,"column":0},"end":{"line":35,"column":21}},"25":{"start":{"line":37,"column":0},"end":{"line":37,"column":20}}},"fnMap":{"0":{"name":"(anonymous_0)","decl":{"start":{"line":18,"column":13},"end":{"line":18,"column":14}},"loc":{"start":{"line":18,"column":27},"end":{"line":20,"column":1}},"line":18}},"branchMap":{"0":{"loc":{"start":{"line":1,"column":0},"end":{"line":3,"column":1}},"type":"if","locations":[{"start":{"line":1,"column":0},"end":{"line":3,"column":1}},{"start":{},"end":{}}],"line":1}},"s":{"0":1,"1":1,"2":1,"3":1,"4":1,"5":1,"6":1,"7":1,"8":1,"9":1,"10":1,"11":1,"12":1,"13":1,"14":0,"15":1,"16":1,"17":1,"18":1,"19":1,"20":1,"21":1,"22":1,"23":1,"24":1,"25":1},"f":{"0":0},"b":{"0":[1,0]},"_coverageSchema":"1a1c01bbd47fc00a2c39e90264f33305004495a9","hash":"2ae23ad304fccbeeec1eaaa32e4b9ee260ba3d2c"}
,"D:\\Bootcamp\\phase2\\REPEAT\\WEEK 3\\IP\\IP-RMT60\\server\\controllers\\jobsController.js": {"path":"D:\\Bootcamp\\phase2\\REPEAT\\WEEK 3\\IP\\IP-RMT60\\server\\controllers\\jobsController.js","statementMap":{"0":{"start":{"line":1,"column":27},"end":{"line":1,"column":43}},"1":{"start":{"line":2,"column":17},"end":{"line":2,"column":47}},"2":{"start":{"line":5,"column":0},"end":{"line":45,"column":1}},"3":{"start":{"line":7,"column":8},"end":{"line":22,"column":9}},"4":{"start":{"line":8,"column":26},"end":{"line":8,"column":42}},"5":{"start":{"line":9,"column":12},"end":{"line":9,"column":30}},"6":{"start":{"line":11,"column":29},"end":{"line":15,"column":14}},"7":{"start":{"line":17,"column":26},"end":{"line":17,"column":57}},"8":{"start":{"line":19,"column":12},"end":{"line":19,"column":39}},"9":{"start":{"line":21,"column":12},"end":{"line":21,"column":21}},"10":{"start":{"line":26,"column":8},"end":{"line":43,"column":9}},"11":{"start":{"line":27,"column":26},"end":{"line":27,"column":42}},"12":{"start":{"line":28,"column":12},"end":{"line":28,"column":30}},"13":{"start":{"line":30,"column":27},"end":{"line":30,"column":37}},"14":{"start":{"line":32,"column":29},"end":{"line":36,"column":14}},"15":{"start":{"line":38,"column":31},"end":{"line":38,"column":49}},"16":{"start":{"line":40,"column":12},"end":{"line":40,"column":44}},"17":{"start":{"line":42,"column":12},"end":{"line":42,"column":21}}},"fnMap":{"0":{"name":"(anonymous_0)","decl":{"start":{"line":6,"column":4},"end":{"line":6,"column":5}},"loc":{"start":{"line":6,"column":41},"end":{"line":23,"column":5}},"line":6},"1":{"name":"(anonymous_1)","decl":{"start":{"line":25,"column":4},"end":{"line":25,"column":5}},"loc":{"start":{"line":25,"column":45},"end":{"line":44,"column":5}},"line":25}},"branchMap":{},"s":{"0":1,"1":1,"2":1,"3":1,"4":1,"5":1,"6":1,"7":1,"8":1,"9":0,"10":1,"11":1,"12":1,"13":1,"14":1,"15":1,"16":1,"17":0},"f":{"0":1,"1":1},"b":{},"_coverageSchema":"1a1c01bbd47fc00a2c39e90264f33305004495a9","hash":"d50cbb21ae60150535624d494ace1dffda613fbf"}
,"D:\\Bootcamp\\phase2\\REPEAT\\WEEK 3\\IP\\IP-RMT60\\server\\controllers\\roadmapController.js": {"path":"D:\\Bootcamp\\phase2\\REPEAT\\WEEK 3\\IP\\IP-RMT60\\server\\controllers\\roadmapController.js","statementMap":{"0":{"start":{"line":1,"column":24},"end":{"line":1,"column":48}},"1":{"start":{"line":2,"column":14},"end":{"line":2,"column":30}},"2":{"start":{"line":3,"column":17},"end":{"line":3,"column":47}},"3":{"start":{"line":4,"column":20},"end":{"line":4,"column":40}},"4":{"start":{"line":6,"column":0},"end":{"line":131,"column":2}},"5":{"start":{"line":8,"column":19},"end":{"line":8,"column":74}},"6":{"start":{"line":9,"column":23},"end":{"line":9,"column":33}},"7":{"start":{"line":10,"column":22},"end":{"line":10,"column":38}},"8":{"start":{"line":11,"column":8},"end":{"line":68,"column":9}},"9":{"start":{"line":12,"column":29},"end":{"line":16,"column":14}},"10":{"start":{"line":17,"column":24},"end":{"line":17,"column":42}},"11":{"start":{"line":19,"column":29},"end":{"line":19,"column":38}},"12":{"start":{"line":20,"column":35},"end":{"line":20,"column":50}},"13":{"start":{"line":22,"column":27},"end":{"line":46,"column":1}},"14":{"start":{"line":48,"column":26},"end":{"line":51,"column":14}},"15":{"start":{"line":53,"column":26},"end":{"line":53,"column":36}},"16":{"start":{"line":55,"column":12},"end":{"line":55,"column":64}},"17":{"start":{"line":57,"column":33},"end":{"line":57,"column":52}},"18":{"start":{"line":59,"column":28},"end":{"line":63,"column":14}},"19":{"start":{"line":65,"column":12},"end":{"line":65,"column":47}},"20":{"start":{"line":67,"column":12},"end":{"line":67,"column":22}},"21":{"start":{"line":72,"column":8},"end":{"line":82,"column":9}},"22":{"start":{"line":73,"column":29},"end":{"line":77,"column":14}},"23":{"start":{"line":79,"column":12},"end":{"line":79,"column":43}},"24":{"start":{"line":81,"column":12},"end":{"line":81,"column":22}},"25":{"start":{"line":86,"column":8},"end":{"line":102,"column":9}},"26":{"start":{"line":87,"column":27},"end":{"line":87,"column":37}},"27":{"start":{"line":88,"column":28},"end":{"line":93,"column":14}},"28":{"start":{"line":95,"column":12},"end":{"line":97,"column":13}},"29":{"start":{"line":96,"column":16},"end":{"line":96,"column":70}},"30":{"start":{"line":99,"column":12},"end":{"line":99,"column":42}},"31":{"start":{"line":101,"column":12},"end":{"line":101,"column":22}},"32":{"start":{"line":106,"column":8},"end":{"line":129,"column":9}},"33":{"start":{"line":107,"column":27},"end":{"line":107,"column":37}},"34":{"start":{"line":108,"column":28},"end":{"line":113,"column":14}},"35":{"start":{"line":115,"column":12},"end":{"line":117,"column":13}},"36":{"start":{"line":116,"column":16},"end":{"line":116,"column":70}},"37":{"start":{"line":119,"column":12},"end":{"line":124,"column":15}},"38":{"start":{"line":126,"column":12},"end":{"line":126,"column":78}},"39":{"start":{"line":128,"column":12},"end":{"line":128,"column":22}}},"fnMap":{"0":{"name":"(anonymous_0)","decl":{"start":{"line":7,"column":4},"end":{"line":7,"column":5}},"loc":{"start":{"line":7,"column":49},"end":{"line":69,"column":5}},"line":7},"1":{"name":"(anonymous_1)","decl":{"start":{"line":71,"column":4},"end":{"line":71,"column":5}},"loc":{"start":{"line":71,"column":44},"end":{"line":83,"column":5}},"line":71},"2":{"name":"(anonymous_2)","decl":{"start":{"line":85,"column":4},"end":{"line":85,"column":5}},"loc":{"start":{"line":85,"column":48},"end":{"line":103,"column":5}},"line":85},"3":{"name":"(anonymous_3)","decl":{"start":{"line":105,"column":4},"end":{"line":105,"column":5}},"loc":{"start":{"line":105,"column":47},"end":{"line":130,"column":5}},"line":105}},"branchMap":{"0":{"loc":{"start":{"line":95,"column":12},"end":{"line":97,"column":13}},"type":"if","locations":[{"start":{"line":95,"column":12},"end":{"line":97,"column":13}},{"start":{},"end":{}}],"line":95},"1":{"loc":{"start":{"line":115,"column":12},"end":{"line":117,"column":13}},"type":"if","locations":[{"start":{"line":115,"column":12},"end":{"line":117,"column":13}},{"start":{},"end":{}}],"line":115}},"s":{"0":1,"1":1,"2":1,"3":1,"4":1,"5":1,"6":1,"7":1,"8":1,"9":1,"10":1,"11":1,"12":1,"13":1,"14":1,"15":1,"16":1,"17":1,"18":1,"19":1,"20":0,"21":1,"22":1,"23":1,"24":0,"25":2,"26":2,"27":2,"28":2,"29":1,"30":1,"31":1,"32":2,"33":2,"34":2,"35":2,"36":1,"37":1,"38":1,"39":1},"f":{"0":1,"1":1,"2":2,"3":2},"b":{"0":[1,1],"1":[1,1]},"_coverageSchema":"1a1c01bbd47fc00a2c39e90264f33305004495a9","hash":"11f05c79cda2c1d7ff6038ba937183cd6b520c08"}
,"D:\\Bootcamp\\phase2\\REPEAT\\WEEK 3\\IP\\IP-RMT60\\server\\controllers\\userController.js": {"path":"D:\\Bootcamp\\phase2\\REPEAT\\WEEK 3\\IP\\IP-RMT60\\server\\controllers\\userController.js","statementMap":{"0":{"start":{"line":1,"column":17},"end":{"line":1,"column":37}},"1":{"start":{"line":2,"column":28},"end":{"line":2,"column":56}},"2":{"start":{"line":3,"column":22},"end":{"line":3,"column":47}},"3":{"start":{"line":5,"column":0},"end":{"line":48,"column":1}},"4":{"start":{"line":7,"column":8},"end":{"line":12,"column":9}},"5":{"start":{"line":8,"column":25},"end":{"line":8,"column":52}},"6":{"start":{"line":9,"column":12},"end":{"line":9,"column":63}},"7":{"start":{"line":11,"column":12},"end":{"line":11,"column":21}},"8":{"start":{"line":16,"column":8},"end":{"line":46,"column":9}},"9":{"start":{"line":17,"column":40},"end":{"line":17,"column":48}},"10":{"start":{"line":19,"column":12},"end":{"line":21,"column":13}},"11":{"start":{"line":20,"column":16},"end":{"line":20,"column":87}},"12":{"start":{"line":23,"column":25},"end":{"line":27,"column":14}},"13":{"start":{"line":29,"column":12},"end":{"line":31,"column":13}},"14":{"start":{"line":30,"column":16},"end":{"line":30,"column":84}},"15":{"start":{"line":33,"column":36},"end":{"line":33,"column":76}},"16":{"start":{"line":34,"column":12},"end":{"line":36,"column":13}},"17":{"start":{"line":35,"column":16},"end":{"line":35,"column":84}},"18":{"start":{"line":38,"column":12},"end":{"line":38,"column":56}},"19":{"start":{"line":40,"column":32},"end":{"line":40,"column":58}},"20":{"start":{"line":41,"column":12},"end":{"line":41,"column":56}},"21":{"start":{"line":43,"column":12},"end":{"line":43,"column":63}},"22":{"start":{"line":45,"column":12},"end":{"line":45,"column":21}}},"fnMap":{"0":{"name":"(anonymous_0)","decl":{"start":{"line":6,"column":4},"end":{"line":6,"column":5}},"loc":{"start":{"line":6,"column":43},"end":{"line":13,"column":5}},"line":6},"1":{"name":"(anonymous_1)","decl":{"start":{"line":15,"column":4},"end":{"line":15,"column":5}},"loc":{"start":{"line":15,"column":40},"end":{"line":47,"column":5}},"line":15}},"branchMap":{"0":{"loc":{"start":{"line":19,"column":12},"end":{"line":21,"column":13}},"type":"if","locations":[{"start":{"line":19,"column":12},"end":{"line":21,"column":13}},{"start":{},"end":{}}],"line":19},"1":{"loc":{"start":{"line":19,"column":16},"end":{"line":19,"column":35}},"type":"binary-expr","locations":[{"start":{"line":19,"column":16},"end":{"line":19,"column":22}},{"start":{"line":19,"column":26},"end":{"line":19,"column":35}}],"line":19},"2":{"loc":{"start":{"line":29,"column":12},"end":{"line":31,"column":13}},"type":"if","locations":[{"start":{"line":29,"column":12},"end":{"line":31,"column":13}},{"start":{},"end":{}}],"line":29},"3":{"loc":{"start":{"line":34,"column":12},"end":{"line":36,"column":13}},"type":"if","locations":[{"start":{"line":34,"column":12},"end":{"line":36,"column":13}},{"start":{},"end":{}}],"line":34}},"s":{"0":1,"1":1,"2":1,"3":1,"4":3,"5":3,"6":1,"7":2,"8":5,"9":5,"10":5,"11":2,"12":3,"13":3,"14":1,"15":2,"16":2,"17":1,"18":1,"19":1,"20":1,"21":1,"22":4},"f":{"0":3,"1":5},"b":{"0":[2,3],"1":[5,4],"2":[1,2],"3":[1,1]},"_coverageSchema":"1a1c01bbd47fc00a2c39e90264f33305004495a9","hash":"8a891e40a39f69d5109a7939916d999b7bb3aef1"}
,"D:\\Bootcamp\\phase2\\REPEAT\\WEEK 3\\IP\\IP-RMT60\\server\\helpers\\bcrypt.js": {"path":"D:\\Bootcamp\\phase2\\REPEAT\\WEEK 3\\IP\\IP-RMT60\\server\\helpers\\bcrypt.js","statementMap":{"0":{"start":{"line":1,"column":15},"end":{"line":1,"column":34}},"1":{"start":{"line":3,"column":21},"end":{"line":6,"column":1}},"2":{"start":{"line":4,"column":17},"end":{"line":4,"column":39}},"3":{"start":{"line":5,"column":4},"end":{"line":5,"column":43}},"4":{"start":{"line":8,"column":24},"end":{"line":10,"column":1}},"5":{"start":{"line":9,"column":4},"end":{"line":9,"column":56}},"6":{"start":{"line":12,"column":0},"end":{"line":15,"column":1}}},"fnMap":{"0":{"name":"(anonymous_0)","decl":{"start":{"line":3,"column":21},"end":{"line":3,"column":22}},"loc":{"start":{"line":3,"column":35},"end":{"line":6,"column":1}},"line":3},"1":{"name":"(anonymous_1)","decl":{"start":{"line":8,"column":24},"end":{"line":8,"column":25}},"loc":{"start":{"line":8,"column":54},"end":{"line":10,"column":1}},"line":8}},"branchMap":{},"s":{"0":1,"1":1,"2":4,"3":4,"4":1,"5":2,"6":1},"f":{"0":4,"1":2},"b":{},"_coverageSchema":"1a1c01bbd47fc00a2c39e90264f33305004495a9","hash":"8600bb48a35a9f5540ccb642cb27448566cabf2b"}
,"D:\\Bootcamp\\phase2\\REPEAT\\WEEK 3\\IP\\IP-RMT60\\server\\helpers\\jwt.js": {"path":"D:\\Bootcamp\\phase2\\REPEAT\\WEEK 3\\IP\\IP-RMT60\\server\\helpers\\jwt.js","statementMap":{"0":{"start":{"line":1,"column":12},"end":{"line":1,"column":35}},"1":{"start":{"line":2,"column":19},"end":{"line":2,"column":41}},"2":{"start":{"line":4,"column":18},"end":{"line":6,"column":1}},"3":{"start":{"line":5,"column":4},"end":{"line":5,"column":40}},"4":{"start":{"line":8,"column":20},"end":{"line":10,"column":1}},"5":{"start":{"line":9,"column":4},"end":{"line":9,"column":40}},"6":{"start":{"line":12,"column":0},"end":{"line":15,"column":1}}},"fnMap":{"0":{"name":"(anonymous_0)","decl":{"start":{"line":4,"column":18},"end":{"line":4,"column":19}},"loc":{"start":{"line":4,"column":31},"end":{"line":6,"column":1}},"line":4},"1":{"name":"(anonymous_1)","decl":{"start":{"line":8,"column":20},"end":{"line":8,"column":21}},"loc":{"start":{"line":8,"column":31},"end":{"line":10,"column":1}},"line":8}},"branchMap":{},"s":{"0":1,"1":1,"2":1,"3":2,"4":1,"5":14,"6":1},"f":{"0":2,"1":14},"b":{},"_coverageSchema":"1a1c01bbd47fc00a2c39e90264f33305004495a9","hash":"1a8865814229aac5b3564a02ada7d8592bd3727e"}
,"D:\\Bootcamp\\phase2\\REPEAT\\WEEK 3\\IP\\IP-RMT60\\server\\helpers\\loginApi.js": {"path":"D:\\Bootcamp\\phase2\\REPEAT\\WEEK 3\\IP\\IP-RMT60\\server\\helpers\\loginApi.js","statementMap":{"0":{"start":{"line":1,"column":14},"end":{"line":1,"column":30}},"1":{"start":{"line":3,"column":17},"end":{"line":13,"column":1}},"2":{"start":{"line":4,"column":4},"end":{"line":12,"column":5}},"3":{"start":{"line":5,"column":25},"end":{"line":8,"column":10}},"4":{"start":{"line":9,"column":8},"end":{"line":9,"column":46}},"5":{"start":{"line":11,"column":8},"end":{"line":11,"column":17}},"6":{"start":{"line":15,"column":0},"end":{"line":15,"column":25}}},"fnMap":{"0":{"name":"(anonymous_0)","decl":{"start":{"line":3,"column":17},"end":{"line":3,"column":18}},"loc":{"start":{"line":3,"column":43},"end":{"line":13,"column":1}},"line":3}},"branchMap":{},"s":{"0":1,"1":1,"2":3,"3":3,"4":3,"5":0,"6":1},"f":{"0":3},"b":{},"_coverageSchema":"1a1c01bbd47fc00a2c39e90264f33305004495a9","hash":"411682049d50182108fbbef670f0357f112af545"}
,"D:\\Bootcamp\\phase2\\REPEAT\\WEEK 3\\IP\\IP-RMT60\\server\\middleware\\authentication.js": {"path":"D:\\Bootcamp\\phase2\\REPEAT\\WEEK 3\\IP\\IP-RMT60\\server\\middleware\\authentication.js","statementMap":{"0":{"start":{"line":1,"column":24},"end":{"line":1,"column":49}},"1":{"start":{"line":2,"column":17},"end":{"line":2,"column":37}},"2":{"start":{"line":4,"column":23},"end":{"line":34,"column":1}},"3":{"start":{"line":5,"column":4},"end":{"line":33,"column":5}},"4":{"start":{"line":6,"column":34},"end":{"line":6,"column":45}},"5":{"start":{"line":7,"column":8},"end":{"line":7,"column":32}},"6":{"start":{"line":9,"column":8},"end":{"line":11,"column":9}},"7":{"start":{"line":10,"column":12},"end":{"line":10,"column":68}},"8":{"start":{"line":13,"column":22},"end":{"line":13,"column":49}},"9":{"start":{"line":15,"column":27},"end":{"line":15,"column":45}},"10":{"start":{"line":17,"column":8},"end":{"line":17,"column":49}},"11":{"start":{"line":19,"column":21},"end":{"line":19,"column":55}},"12":{"start":{"line":23,"column":8},"end":{"line":25,"column":9}},"13":{"start":{"line":24,"column":12},"end":{"line":24,"column":68}},"14":{"start":{"line":27,"column":8},"end":{"line":27,"column":23}},"15":{"start":{"line":30,"column":8},"end":{"line":30,"column":14}},"16":{"start":{"line":32,"column":8},"end":{"line":32,"column":17}},"17":{"start":{"line":36,"column":0},"end":{"line":36,"column":31}}},"fnMap":{"0":{"name":"(anonymous_0)","decl":{"start":{"line":4,"column":23},"end":{"line":4,"column":24}},"loc":{"start":{"line":4,"column":49},"end":{"line":34,"column":1}},"line":4}},"branchMap":{"0":{"loc":{"start":{"line":9,"column":8},"end":{"line":11,"column":9}},"type":"if","locations":[{"start":{"line":9,"column":8},"end":{"line":11,"column":9}},{"start":{},"end":{}}],"line":9},"1":{"loc":{"start":{"line":23,"column":8},"end":{"line":25,"column":9}},"type":"if","locations":[{"start":{"line":23,"column":8},"end":{"line":25,"column":9}},{"start":{},"end":{}}],"line":23}},"s":{"0":1,"1":1,"2":1,"3":20,"4":20,"5":20,"6":20,"7":6,"8":14,"9":14,"10":8,"11":8,"12":8,"13":0,"14":8,"15":8,"16":12,"17":1},"f":{"0":20},"b":{"0":[6,14],"1":[0,8]},"_coverageSchema":"1a1c01bbd47fc00a2c39e90264f33305004495a9","hash":"96dc6233d470d0a1dd314701d3f534b8a22e3d58"}
,"D:\\Bootcamp\\phase2\\REPEAT\\WEEK 3\\IP\\IP-RMT60\\server\\middleware\\errorHandler.js": {"path":"D:\\Bootcamp\\phase2\\REPEAT\\WEEK 3\\IP\\IP-RMT60\\server\\middleware\\errorHandler.js","statementMap":{"0":{"start":{"line":3,"column":21},"end":{"line":40,"column":1}},"1":{"start":{"line":4,"column":4},"end":{"line":4,"column":22}},"2":{"start":{"line":6,"column":4},"end":{"line":10,"column":5}},"3":{"start":{"line":7,"column":8},"end":{"line":9,"column":10}},"4":{"start":{"line":12,"column":4},"end":{"line":16,"column":5}},"5":{"start":{"line":13,"column":8},"end":{"line":15,"column":10}},"6":{"start":{"line":18,"column":4},"end":{"line":22,"column":5}},"7":{"start":{"line":19,"column":8},"end":{"line":21,"column":10}},"8":{"start":{"line":24,"column":4},"end":{"line":28,"column":5}},"9":{"start":{"line":25,"column":8},"end":{"line":27,"column":10}},"10":{"start":{"line":30,"column":4},"end":{"line":34,"column":5}},"11":{"start":{"line":31,"column":8},"end":{"line":33,"column":10}},"12":{"start":{"line":36,"column":4},"end":{"line":39,"column":6}},"13":{"start":{"line":42,"column":0},"end":{"line":42,"column":29}}},"fnMap":{"0":{"name":"(anonymous_0)","decl":{"start":{"line":3,"column":21},"end":{"line":3,"column":22}},"loc":{"start":{"line":3,"column":46},"end":{"line":40,"column":1}},"line":3}},"branchMap":{"0":{"loc":{"start":{"line":6,"column":4},"end":{"line":10,"column":5}},"type":"if","locations":[{"start":{"line":6,"column":4},"end":{"line":10,"column":5}},{"start":{},"end":{}}],"line":6},"1":{"loc":{"start":{"line":12,"column":4},"end":{"line":16,"column":5}},"type":"if","locations":[{"start":{"line":12,"column":4},"end":{"line":16,"column":5}},{"start":{},"end":{}}],"line":12},"2":{"loc":{"start":{"line":18,"column":4},"end":{"line":22,"column":5}},"type":"if","locations":[{"start":{"line":18,"column":4},"end":{"line":22,"column":5}},{"start":{},"end":{}}],"line":18},"3":{"loc":{"start":{"line":24,"column":4},"end":{"line":28,"column":5}},"type":"if","locations":[{"start":{"line":24,"column":4},"end":{"line":28,"column":5}},{"start":{},"end":{}}],"line":24},"4":{"loc":{"start":{"line":30,"column":4},"end":{"line":34,"column":5}},"type":"if","locations":[{"start":{"line":30,"column":4},"end":{"line":34,"column":5}},{"start":{},"end":{}}],"line":30}},"s":{"0":1,"1":20,"2":20,"3":1,"4":19,"5":1,"6":18,"7":8,"8":10,"9":2,"10":8,"11":2,"12":6,"13":1},"f":{"0":20},"b":{"0":[1,19],"1":[1,18],"2":[8,10],"3":[2,8],"4":[2,6]},"_coverageSchema":"1a1c01bbd47fc00a2c39e90264f33305004495a9","hash":"006e3ee04afe70107f54f1c15171841528dacf0a"}
,"D:\\Bootcamp\\phase2\\REPEAT\\WEEK 3\\IP\\IP-RMT60\\server\\models\\index.js": {"path":"D:\\Bootcamp\\phase2\\REPEAT\\WEEK 3\\IP\\IP-RMT60\\server\\models\\index.js","statementMap":{"0":{"start":{"line":3,"column":11},"end":{"line":3,"column":24}},"1":{"start":{"line":4,"column":13},"end":{"line":4,"column":28}},"2":{"start":{"line":5,"column":18},"end":{"line":5,"column":38}},"3":{"start":{"line":6,"column":16},"end":{"line":6,"column":34}},"4":{"start":{"line":7,"column":17},"end":{"line":7,"column":42}},"5":{"start":{"line":8,"column":12},"end":{"line":8,"column":49}},"6":{"start":{"line":9,"column":15},"end":{"line":9,"column":65}},"7":{"start":{"line":10,"column":11},"end":{"line":10,"column":13}},"8":{"start":{"line":13,"column":0},"end":{"line":17,"column":1}},"9":{"start":{"line":14,"column":2},"end":{"line":14,"column":74}},"10":{"start":{"line":16,"column":2},"end":{"line":16,"column":87}},"11":{"start":{"line":19,"column":0},"end":{"line":32,"column":5}},"12":{"start":{"line":22,"column":4},"end":{"line":27,"column":6}},"13":{"start":{"line":30,"column":18},"end":{"line":30,"column":85}},"14":{"start":{"line":31,"column":4},"end":{"line":31,"column":27}},"15":{"start":{"line":34,"column":0},"end":{"line":38,"column":3}},"16":{"start":{"line":35,"column":2},"end":{"line":37,"column":3}},"17":{"start":{"line":36,"column":4},"end":{"line":36,"column":32}},"18":{"start":{"line":40,"column":0},"end":{"line":40,"column":25}},"19":{"start":{"line":41,"column":0},"end":{"line":41,"column":25}},"20":{"start":{"line":43,"column":0},"end":{"line":43,"column":20}}},"fnMap":{"0":{"name":"(anonymous_0)","decl":{"start":{"line":21,"column":10},"end":{"line":21,"column":11}},"loc":{"start":{"line":21,"column":18},"end":{"line":28,"column":3}},"line":21},"1":{"name":"(anonymous_1)","decl":{"start":{"line":29,"column":11},"end":{"line":29,"column":12}},"loc":{"start":{"line":29,"column":19},"end":{"line":32,"column":3}},"line":29},"2":{"name":"(anonymous_2)","decl":{"start":{"line":34,"column":24},"end":{"line":34,"column":25}},"loc":{"start":{"line":34,"column":37},"end":{"line":38,"column":1}},"line":34}},"branchMap":{"0":{"loc":{"start":{"line":8,"column":12},"end":{"line":8,"column":49}},"type":"binary-expr","locations":[{"start":{"line":8,"column":12},"end":{"line":8,"column":32}},{"start":{"line":8,"column":36},"end":{"line":8,"column":49}}],"line":8},"1":{"loc":{"start":{"line":13,"column":0},"end":{"line":17,"column":1}},"type":"if","locations":[{"start":{"line":13,"column":0},"end":{"line":17,"column":1}},{"start":{"line":15,"column":7},"end":{"line":17,"column":1}}],"line":13},"2":{"loc":{"start":{"line":23,"column":6},"end":{"line":26,"column":37}},"type":"binary-expr","locations":[{"start":{"line":23,"column":6},"end":{"line":23,"column":29}},{"start":{"line":24,"column":6},"end":{"line":24,"column":23}},{"start":{"line":25,"column":6},"end":{"line":25,"column":30}},{"start":{"line":26,"column":6},"end":{"line":26,"column":37}}],"line":23},"3":{"loc":{"start":{"line":35,"column":2},"end":{"line":37,"column":3}},"type":"if","locations":[{"start":{"line":35,"column":2},"end":{"line":37,"column":3}},{"start":{},"end":{}}],"line":35}},"s":{"0":1,"1":1,"2":1,"3":1,"4":1,"5":1,"6":1,"7":1,"8":1,"9":0,"10":1,"11":1,"12":3,"13":2,"14":2,"15":1,"16":2,"17":2,"18":1,"19":1,"20":1},"f":{"0":3,"1":2,"2":2},"b":{"0":[1,0],"1":[0,1],"2":[3,3,2,2],"3":[2,0]},"_coverageSchema":"1a1c01bbd47fc00a2c39e90264f33305004495a9","hash":"07078edf547d6a00763b298203cf368cb74c4d87"}
,"D:\\Bootcamp\\phase2\\REPEAT\\WEEK 3\\IP\\IP-RMT60\\server\\models\\roadmap.js": {"path":"D:\\Bootcamp\\phase2\\REPEAT\\WEEK 3\\IP\\IP-RMT60\\server\\models\\roadmap.js","statementMap":{"0":{"start":{"line":4,"column":4},"end":{"line":4,"column":24}},"1":{"start":{"line":5,"column":0},"end":{"line":71,"column":2}},"2":{"start":{"line":14,"column":6},"end":{"line":16,"column":9}},"3":{"start":{"line":19,"column":2},"end":{"line":69,"column":5}},"4":{"start":{"line":70,"column":2},"end":{"line":70,"column":17}}},"fnMap":{"0":{"name":"(anonymous_0)","decl":{"start":{"line":5,"column":17},"end":{"line":5,"column":18}},"loc":{"start":{"line":5,"column":43},"end":{"line":71,"column":1}},"line":5},"1":{"name":"(anonymous_1)","decl":{"start":{"line":12,"column":4},"end":{"line":12,"column":5}},"loc":{"start":{"line":12,"column":29},"end":{"line":17,"column":5}},"line":12}},"branchMap":{},"s":{"0":1,"1":1,"2":1,"3":1,"4":1},"f":{"0":1,"1":1},"b":{},"_coverageSchema":"1a1c01bbd47fc00a2c39e90264f33305004495a9","hash":"c271f8267634f45aa9e2730d5c7451375c57bdc4"}
,"D:\\Bootcamp\\phase2\\REPEAT\\WEEK 3\\IP\\IP-RMT60\\server\\models\\user.js": {"path":"D:\\Bootcamp\\phase2\\REPEAT\\WEEK 3\\IP\\IP-RMT60\\server\\models\\user.js","statementMap":{"0":{"start":{"line":3,"column":23},"end":{"line":3,"column":51}},"1":{"start":{"line":7,"column":4},"end":{"line":7,"column":24}},"2":{"start":{"line":8,"column":0},"end":{"line":87,"column":2}},"3":{"start":{"line":17,"column":6},"end":{"line":19,"column":9}},"4":{"start":{"line":22,"column":2},"end":{"line":85,"column":5}},"5":{"start":{"line":80,"column":8},"end":{"line":80,"column":52}},"6":{"start":{"line":86,"column":2},"end":{"line":86,"column":14}}},"fnMap":{"0":{"name":"(anonymous_0)","decl":{"start":{"line":8,"column":17},"end":{"line":8,"column":18}},"loc":{"start":{"line":8,"column":43},"end":{"line":87,"column":1}},"line":8},"1":{"name":"(anonymous_1)","decl":{"start":{"line":15,"column":4},"end":{"line":15,"column":5}},"loc":{"start":{"line":15,"column":29},"end":{"line":20,"column":5}},"line":15},"2":{"name":"(anonymous_2)","decl":{"start":{"line":79,"column":20},"end":{"line":79,"column":21}},"loc":{"start":{"line":79,"column":30},"end":{"line":81,"column":7}},"line":79}},"branchMap":{},"s":{"0":1,"1":1,"2":1,"3":1,"4":1,"5":3,"6":1},"f":{"0":1,"1":1,"2":3},"b":{},"_coverageSchema":"1a1c01bbd47fc00a2c39e90264f33305004495a9","hash":"c54574151dc17e11fdd076904fc300ac14711828"}
}
