TN:
SF:app.js
FN:18,(anonymous_0)
FNF:1
FNH:0
FNDA:0,(anonymous_0)
DA:1,1
DA:2,1
DA:5,1
DA:6,1
DA:7,1
DA:8,1
DA:9,1
DA:10,1
DA:11,1
DA:12,1
DA:14,1
DA:15,1
DA:16,1
DA:18,1
DA:19,0
DA:22,1
DA:23,1
DA:25,1
DA:27,1
DA:28,1
DA:30,1
DA:31,1
DA:32,1
DA:33,1
DA:35,1
DA:37,1
LF:26
LH:25
BRDA:1,0,0,1
BRDA:1,0,1,0
BRF:2
BRH:1
end_of_record
TN:
SF:controllers\jobsController.js
FN:6,(anonymous_0)
FN:25,(anonymous_1)
FNF:2
FNH:2
FNDA:1,(anonymous_0)
FNDA:1,(anonymous_1)
DA:1,1
DA:2,1
DA:5,1
DA:7,1
DA:8,1
DA:9,1
DA:11,1
DA:17,1
DA:19,1
DA:21,0
DA:26,1
DA:27,1
DA:28,1
DA:30,1
DA:32,1
DA:38,1
DA:40,1
DA:42,0
LF:18
LH:16
BRF:0
BRH:0
end_of_record
TN:
SF:controllers\roadmapController.js
FN:7,(anonymous_0)
FN:71,(anonymous_1)
FN:85,(anonymous_2)
FN:105,(anonymous_3)
FNF:4
FNH:4
FNDA:1,(anonymous_0)
FNDA:1,(anonymous_1)
FNDA:2,(anonymous_2)
FNDA:2,(anonymous_3)
DA:1,1
DA:2,1
DA:3,1
DA:4,1
DA:6,1
DA:8,1
DA:9,1
DA:10,1
DA:11,1
DA:12,1
DA:17,1
DA:19,1
DA:20,1
DA:22,1
DA:48,1
DA:53,1
DA:55,1
DA:57,1
DA:59,1
DA:65,1
DA:67,0
DA:72,1
DA:73,1
DA:79,1
DA:81,0
DA:86,2
DA:87,2
DA:88,2
DA:95,2
DA:96,1
DA:99,1
DA:101,1
DA:106,2
DA:107,2
DA:108,2
DA:115,2
DA:116,1
DA:119,1
DA:126,1
DA:128,1
LF:40
LH:38
BRDA:95,0,0,1
BRDA:95,0,1,1
BRDA:115,1,0,1
BRDA:115,1,1,1
BRF:4
BRH:4
end_of_record
TN:
SF:controllers\userController.js
FN:6,(anonymous_0)
FN:15,(anonymous_1)
FNF:2
FNH:2
FNDA:3,(anonymous_0)
FNDA:5,(anonymous_1)
DA:1,1
DA:2,1
DA:3,1
DA:5,1
DA:7,3
DA:8,3
DA:9,1
DA:11,2
DA:16,5
DA:17,5
DA:19,5
DA:20,2
DA:23,3
DA:29,3
DA:30,1
DA:33,2
DA:34,2
DA:35,1
DA:38,1
DA:40,1
DA:41,1
DA:43,1
DA:45,4
LF:23
LH:23
BRDA:19,0,0,2
BRDA:19,0,1,3
BRDA:19,1,0,5
BRDA:19,1,1,4
BRDA:29,2,0,1
BRDA:29,2,1,2
BRDA:34,3,0,1
BRDA:34,3,1,1
BRF:8
BRH:8
end_of_record
TN:
SF:helpers\bcrypt.js
FN:3,(anonymous_0)
FN:8,(anonymous_1)
FNF:2
FNH:2
FNDA:4,(anonymous_0)
FNDA:2,(anonymous_1)
DA:1,1
DA:3,1
DA:4,4
DA:5,4
DA:8,1
DA:9,2
DA:12,1
LF:7
LH:7
BRF:0
BRH:0
end_of_record
TN:
SF:helpers\jwt.js
FN:4,(anonymous_0)
FN:8,(anonymous_1)
FNF:2
FNH:2
FNDA:2,(anonymous_0)
FNDA:14,(anonymous_1)
DA:1,1
DA:2,1
DA:4,1
DA:5,2
DA:8,1
DA:9,14
DA:12,1
LF:7
LH:7
BRF:0
BRH:0
end_of_record
TN:
SF:helpers\loginApi.js
FN:3,(anonymous_0)
FNF:1
FNH:1
FNDA:3,(anonymous_0)
DA:1,1
DA:3,1
DA:4,3
DA:5,3
DA:9,3
DA:11,0
DA:15,1
LF:7
LH:6
BRF:0
BRH:0
end_of_record
TN:
SF:middleware\authentication.js
FN:4,(anonymous_0)
FNF:1
FNH:1
FNDA:20,(anonymous_0)
DA:1,1
DA:2,1
DA:4,1
DA:5,20
DA:6,20
DA:7,20
DA:9,20
DA:10,6
DA:13,14
DA:15,14
DA:17,8
DA:19,8
DA:23,8
DA:24,0
DA:27,8
DA:30,8
DA:32,12
DA:36,1
LF:18
LH:17
BRDA:9,0,0,6
BRDA:9,0,1,14
BRDA:23,1,0,0
BRDA:23,1,1,8
BRF:4
BRH:3
end_of_record
TN:
SF:middleware\errorHandler.js
FN:3,(anonymous_0)
FNF:1
FNH:1
FNDA:20,(anonymous_0)
DA:3,1
DA:4,20
DA:6,20
DA:7,1
DA:12,19
DA:13,1
DA:18,18
DA:19,8
DA:24,10
DA:25,2
DA:30,8
DA:31,2
DA:36,6
DA:42,1
LF:14
LH:14
BRDA:6,0,0,1
BRDA:6,0,1,19
BRDA:12,1,0,1
BRDA:12,1,1,18
BRDA:18,2,0,8
BRDA:18,2,1,10
BRDA:24,3,0,2
BRDA:24,3,1,8
BRDA:30,4,0,2
BRDA:30,4,1,6
BRF:10
BRH:10
end_of_record
TN:
SF:models\index.js
FN:21,(anonymous_0)
FN:29,(anonymous_1)
FN:34,(anonymous_2)
FNF:3
FNH:3
FNDA:3,(anonymous_0)
FNDA:2,(anonymous_1)
FNDA:2,(anonymous_2)
DA:3,1
DA:4,1
DA:5,1
DA:6,1
DA:7,1
DA:8,1
DA:9,1
DA:10,1
DA:13,1
DA:14,0
DA:16,1
DA:19,1
DA:22,3
DA:30,2
DA:31,2
DA:34,1
DA:35,2
DA:36,2
DA:40,1
DA:41,1
DA:43,1
LF:21
LH:20
BRDA:8,0,0,1
BRDA:8,0,1,0
BRDA:13,1,0,0
BRDA:13,1,1,1
BRDA:23,2,0,3
BRDA:23,2,1,3
BRDA:23,2,2,2
BRDA:23,2,3,2
BRDA:35,3,0,2
BRDA:35,3,1,0
BRF:10
BRH:7
end_of_record
TN:
SF:models\roadmap.js
FN:5,(anonymous_0)
FN:12,(anonymous_1)
FNF:2
FNH:2
FNDA:1,(anonymous_0)
FNDA:1,(anonymous_1)
DA:4,1
DA:5,1
DA:14,1
DA:19,1
DA:70,1
LF:5
LH:5
BRF:0
BRH:0
end_of_record
TN:
SF:models\user.js
FN:8,(anonymous_0)
FN:15,(anonymous_1)
FN:79,(anonymous_2)
FNF:3
FNH:3
FNDA:1,(anonymous_0)
FNDA:1,(anonymous_1)
FNDA:3,(anonymous_2)
DA:3,1
DA:7,1
DA:8,1
DA:17,1
DA:22,1
DA:80,3
DA:86,1
LF:7
LH:7
BRF:0
BRH:0
end_of_record
